{
  "stats": {
    "suites": 1,
    "tests": 3,
    "passes": 2,
    "pending": 0,
    "failures": 1,
    "start": "2021-04-25T20:29:51.169Z",
    "end": "2021-04-25T20:30:03.209Z",
    "duration": 12040,
    "testsRegistered": 3,
    "passPercent": 66.66666666666666,
    "pendingPercent": 0,
    "other": 0,
    "hasOther": false,
    "skipped": 0,
    "hasSkipped": false
  },
  "results": [
    {
      "uuid": "032f3c78-f0c9-40fc-a662-7d90f7e8e6ab",
      "title": "",
      "fullFile": "cypress/integration/examples/regression-po.spec.js",
      "file": "cypress/integration/examples/regression-po.spec.js",
      "beforeHooks": [],
      "afterHooks": [],
      "tests": [],
      "suites": [
        {
          "uuid": "e89bf4bf-a964-428f-b938-eaee1ed3e7f3",
          "title": "Test suite",
          "fullFile": "",
          "file": "",
          "beforeHooks": [],
          "afterHooks": [],
          "tests": [
            {
              "title": "Perform login and logout",
              "fullTitle": "Test suite Perform login and logout",
              "timedOut": null,
              "duration": 2781,
              "state": "passed",
              "speed": "slow",
              "pass": true,
              "fail": false,
              "pending": false,
              "context": null,
              "code": "cy.percySnapshot('login-page');\nindexFuncs.performValidLogin(cy, targets.username, targets.password, 'Tester Hotel Overview');\ncy.percySnapshot('dashboard-page');\ndashBoardFuncs.performLogout(cy, 'Login');\ncy.percySnapshot('logged-out');",
              "err": {},
              "uuid": "788e9133-e16b-4d0b-87ad-ac33a4410945",
              "parentUUID": "e89bf4bf-a964-428f-b938-eaee1ed3e7f3",
              "isHook": false,
              "skipped": false
            },
            {
              "title": "Perform unvalid login",
              "fullTitle": "Test suite Perform unvalid login",
              "timedOut": null,
              "duration": 1665,
              "state": "passed",
              "speed": "slow",
              "pass": true,
              "fail": false,
              "pending": false,
              "context": null,
              "code": "indexFuncs.performUnvalidLogin(cy, targets.username, targets.unvalidPassword);\ncy.percySnapshot('unvalid-login');",
              "err": {},
              "uuid": "3744a536-1c7f-4eb1-903f-ae9b8036e32c",
              "parentUUID": "e89bf4bf-a964-428f-b938-eaee1ed3e7f3",
              "isHook": false,
              "skipped": false
            },
            {
              "title": "View Rooms",
              "fullTitle": "Test suite View Rooms",
              "timedOut": null,
              "duration": 6428,
              "state": "failed",
              "speed": null,
              "pass": false,
              "fail": true,
              "pending": false,
              "context": null,
              "code": "indexFuncs.performValidLogin(cy, targets.username, targets.password, 'Tester Hotel Overview');\ndashBoardFuncs.viewRooms(cy, 'Rooms');\ncy.percySnapshot('rooms-overview-page');\nroomsOverviewFuncs.backToDashboard(cy, 'Tester Hotel Overview');\ndashBoardFuncs.performLogout(cy, 'Login');",
              "err": {
                "message": "AssertionError: Timed out retrying after 4000ms: Expected to find content: 'Tester Hotel Overview' but never did.",
                "estack": "AssertionError: Timed out retrying after 4000ms: Expected to find content: 'Tester Hotel Overview' but never did.\n    at Object.backToDashboard (http://localhost:3000/__cypress/tests?p=cypress/integration/examples/regression-po.spec.js:346:6)\n    at Context.eval (http://localhost:3000/__cypress/tests?p=cypress/integration/examples/regression-po.spec.js:233:24)",
                "diff": null
              },
              "uuid": "42705f32-60e6-4300-8696-ab08d192e250",
              "parentUUID": "e89bf4bf-a964-428f-b938-eaee1ed3e7f3",
              "isHook": false,
              "skipped": false
            }
          ],
          "suites": [],
          "passes": [
            "788e9133-e16b-4d0b-87ad-ac33a4410945",
            "3744a536-1c7f-4eb1-903f-ae9b8036e32c"
          ],
          "failures": [
            "42705f32-60e6-4300-8696-ab08d192e250"
          ],
          "pending": [],
          "skipped": [],
          "duration": 10874,
          "root": false,
          "rootEmpty": false,
          "_timeout": 2000
        }
      ],
      "passes": [],
      "failures": [],
      "pending": [],
      "skipped": [],
      "duration": 0,
      "root": true,
      "rootEmpty": true,
      "_timeout": 2000
    }
  ],
  "meta": {
    "mocha": {
      "version": "7.0.1"
    },
    "mochawesome": {
      "options": {
        "quiet": false,
        "reportFilename": "mochawesome",
        "saveHtml": true,
        "saveJson": true,
        "consoleReporter": "spec",
        "useInlineDiffs": false,
        "code": true
      },
      "version": "6.2.2"
    },
    "marge": {
      "options": null,
      "version": "5.2.0"
    }
  }
}